251
982537 993132 421719
977257 990886 840089
969223 987909 602404
964916 985468 698069
960172 985196 587197
955104 983378 487052
943340 982768 129656
942809 979521 364562
938802 975248 317956
935217 970706 903552
921022 968471 957806
919974 966615 833932
912052 964770 781797
896039 958069 904714
891426 956934 835351
888276 954316 823645
887157 950174 989614
877970 936768 579949
877961 931819 824454
869017 929893 438832
866202 929306 903314
864596 924993 773751
860353 923896 560868
844503 920557 266091
843586 920268 397725
842814 918783 933881
839505 910199 611357
835473 908282 644328
829456 907243 846579
826693 902014 451135
824765 895326 443676
823645 888276 954316
819343 886009 914788
818170 877664 408827
817084 870541 375987
815126 868930 303733
812592 868921 575329
811295 860803 320512
810144 858378 614319
809489 852861 401327
808939 850055 142083
797951 844929 583254
794418 842545 927637
784005 842004 426181
776676 841147 619907
775928 839683 929425
774044 831795 490640
773987 829858 466210
768427 825160 773910
767878 824410 354481
762644 822220 826743
757622 821830 998185
756657 816404 583468
756402 805921 949766
754588 798675 409537
752438 790859 802839
747721 789523 601675
745089 784904 963783
742899 782473 402950
737158 777047 324074
736052 763749 924680
730157 753724 394552
728512 748090 976299
725684 739724 559762
718975 734653 831712
718670 730442 461848
713169 729175 518917
707926 727094 21733
705860 726221 804248
697242 720336 831701
693280 716924 828789
692425 714425 549865
686035 709688 860013
684707 708666 221803
683537 708412 941144
682957 702670 213268
679949 701939 489383
678362 701156 600774
667503 696627 977237
664395 689960 935886
662065 682958 547209
658680 679986 928696
657071 679724 891266
652399 678776 956425
651931 677823 556559
644204 673519 31495
638572 669059 863015
636185 661987 731160
635815 653767 447848
634966 649459 889074
634020 645977 212781
626339 645169 941312
612992 645139 746633
606709 642234 210069
606582 641254 860424
587946 639111 392398
573717 636645 685968
571964 633983 792633
571874 631306 685207
558547 628384 272537
554027 628289 670798
548805 622049 859888
539804 621743 443637
539759 620083 724640
536478 619792 881605
536130 608132 953323
532809 600880 224332
529942 599260 935289
521582 591827 546057
518891 590737 684558
517149 589620 921813
504127 588352 841718
502482 578266 940161
500487 576430 962236
495566 575111 485369
493738 574834 507978
493327 573349 223211
491566 568577 349004
490706 568371 851974
486673 568168 525019
475463 568115 910830
475314 567952 495777
467931 565779 500262
464427 562684 655469
461098 561164 862471
453156 561137 975549
452525 557742 959376
450261 554350 740834
443376 547990 944499
435624 544941 646321
427683 541969 379127
421737 539571 995199
418741 528476 771607
418259 522978 923351
416842 520615 708048
416005 515616 744949
415561 515539 694682
404122 514503 213549
371008 514429 687147
367628 513949 977769
365747 512600 994998
358099 510066 890574
356332 508656 610527
353404 506996 929306
336661 506797 792363
336623 500121 639851
334555 498637 122596
334382 494854 674338
326346 492403 861344
317026 491985 509507
311163 487781 743952
306855 485475 625975
305090 483571 894525
304859 475256 234747
303724 473360 948334
299090 469408 381830
298440 458923 613367
296759 454187 889823
290320 453052 816496
279574 451174 884760
275847 449005 858884
275814 435951 483260
274092 434814 570719
271864 433193 297350
271107 430818 711210
271045 422884 454647
270325 422507 289709
269904 420801 492725
266280 417792 829853
255683 409781 310333
253545 407440 975498
253061 402432 918073
252827 401303 845869
252390 390392 608450
249004 382636 772181
247793 380471 485624
246811 376435 573641
240586 372721 708496
239816 370937 675198
238963 370502 477368
236015 367165 900663
233458 366154 531519
221036 363321 609531
214434 358977 992796
212949 357470 810813
212743 355551 305539
207386 351855 300105
205985 351503 891404
204117 344994 93016
198629 336322 882661
197225 334709 654715
196892 333069 221445
193502 332100 195841
188858 328096 674071
180530 327065 908217
180134 323005 530664
179732 315810 515663
177814 313281 154719
173336 311977 998184
166392 303322 997412
164117 300961 808326
159591 297725 938046
153551 282757 649195
150238 279064 959032
147071 277551 959467
145532 270242 661974
145058 257064 707008
145055 252495 705437
144050 242153 542861
142765 242050 875494
142492 241522 103310
141057 235673 479455
139096 231393 90881
138059 226725 986071
138058 213198 928929
133686 208563 734793
133583 182846 863781
132606 180071 434018
131354 175779 594402
128384 174768 657723
124259 162758 941038
113672 158673 933384
112424 147529 844776
103036 144258 620277
97713 140294 512611
94275 138776 906224
90756 132947 993710
82839 130625 65406
78860 130045 714744
78803 128516 999444
77982 111308 582843
72636 110949 862868
71479 110075 470006
65108 108130 862183
63901 92896 631133
63005 90645 977671
54563 85889 576266
50687 82166 169465
40548 81585 862249
37234 76722 361928
37191 72866 982195
36065 68677 764761
19441 67674 260372
19292 59540 531924
14313 59296 890187
8277 58973 115050
4133 57803 654076
3669 33481 386623
2895 22758 911935
2790 9036 475627
1435 5517 461244
