241
9945647307 9993806421 4261231878
9889770383 9971624080 5104306926
9693123960 9926203446 7045107034
9562801046 9915021274 6305522072
9415792984 9901557869 2183040900
9357218975 9871727913 7712664423
9251094737 9869050402 2693395871
8985638551 9863437930 5467080872
8895689068 9844326732 7748256208
8864591226 9826821596 7380993372
8860205710 9794977659 8462150485
8678096444 9761492650 8976404025
8665067591 9744500093 6175758890
8539252854 9730996282 2234751410
8496750872 9632619909 7997726518
8457539678 9609845659 5794383339
8424116620 9608050955 9131379094
8411712998 9554946529 2586509588
8406884894 9542247563 728485786
8302572894 9540585409 4526677985
8284849776 9522407222 6168570899
8270663288 9444689225 7793299582
8227764535 9407447423 149677387
8180216880 9396986943 8307616746
8157493428 9384191719 7134493819
7969794797 9355436100 6649406422
7966532496 9351055466 6754479913
7956433529 9257923372 6409861130
7906965196 9242414932 1620822253
7905089671 9238823312 6587262007
7875916345 9216454739 8957108870
7868392013 9073356511 9724539084
7833361612 9073259081 3296545565
7832458367 9067873538 4507206229
7787412096 9042729269 3203742889
7770071113 9020066616 4090870814
7726471388 9015030105 3454037956
7724174971 8944464554 8477750232
7685818753 8896557465 3023635427
7640886546 8832672221 7752364463
7633251496 8772138011 2910996880
7566547176 8770402672 9229274763
7551294570 8712065737 1427454050
7533416274 8688294612 9077614186
7532519644 8679298719 1279714727
7484384163 8620411236 5743569230
7477391749 8600934152 1110547405
7447182617 8552979107 9862104378
7391448430 8551068144 7827008632
7347193160 8523072568 7125317525
7295569822 8468888990 8549756190
7283678555 8422724108 7148616464
7268561259 8278549773 9066767205
7214032219 8230696939 9856030618
7151156925 8220122701 8421602639
7107825622 8209778494 4744413068
7036384993 8179782180 6839066632
6882720776 8157526341 6028483956
6866360603 8131613311 6836328554
6854004849 8098227363 3349914244
6730833128 8070326409 7877613793
6631715002 8069958345 9795699862
6536126884 8035400792 7361317093
6445685888 7988462858 2953364522
6392639218 7983631922 7925602895
6381391438 7978571957 9591817206
6345275448 7931320715 7195502461
6324638639 7917735589 9676635963
6302846483 7911743526 5526497278
6255078737 7903609489 6716008705
6252073510 7801757754 3286049226
6251505203 7762347886 4945839853
6141764951 7711997116 6869719166
6129375212 7704218833 6866184781
5999132896 7661447881 7622582402
5982590166 7634644613 2018704241
5940482657 7625213768 8565269012
5937467885 7624890070 9291470342
5797185584 7575949102 9334593934
5762130870 7516148409 9295668966
5743569230 7484384163 8620411236
5637777580 7464755260 8111180772
5569314808 7444590708 2786821983
5554046953 7373978578 5229010391
5440954582 7352691812 9766955106
5433453811 7314081996 9883255379
5422009466 7286177914 6654380180
5357516418 7276154641 8601569072
5348824467 7214708239 1373944739
5336212554 7162785606 8350667759
5231471537 7127532273 7474718279
5154004087 7114873494 4002831249
5131098130 7012468908 7677930476
5130074241 7009760017 5027478770
5111221583 6981355483 8153976909
5099455103 6960753664 1713495990
4967969121 6938779686 4682572433
4962517881 6904736570 6912330001
4821952300 6897293468 9908714986
4754056258 6881181801 8101662046
4683917745 6879201408 257057570
4646725744 6873479137 3117708529
4622555475 6855292088 5899545313
4612718708 6806904682 9994316076
4592514626 6711886796 8750632028
4528886361 6708017676 7002544013
4473812163 6676761356 9032454311
4277123877 6662881361 3250874349
4247428909 6615135761 7790647926
4235899626 6585835314 3727810193
4215916933 6581941448 9630506819
4199922764 6521119384 8362018297
4195501715 6466092499 7718147262
4176941973 6382247237 8665335219
4147791995 6343929365 8116770753
4069136659 6217878808 9906024225
4041642442 6169550340 6597520590
4022212952 6092388995 6969399992
4015698887 6044393720 8602983156
3959304453 5886695735 9408395037
3943909599 5803402694 9973584746
3913711775 5764849352 4532305207
3861669110 5750118275 8074602746
3849836572 5721154545 1257605510
3849605729 5657035641 8094372095
3793342118 5648251073 9048262756
3789683217 5646393086 7833262900
3756625419 5608305218 5360455733
3713477432 5576103356 9219705432
3709826191 5458318175 9730232080
3707564404 5405561956 4093727335
3698856929 5375525741 7701775397
3697195756 5263878574 5987682186
3680561163 5217602848 2529036063
3654512614 5078885998 5910425559
3653686428 5078128568 7019358688
3610096082 5048882237 8328961228
3603119077 4997808350 3680521878
3553593176 4995257176 8591427550
3547945486 4994164103 1623675268
3532060330 4969467115 4132394948
3525192664 4890043069 8856557612
3507253797 4860731915 2022769836
3392241086 4844637361 8203162923
3279865086 4833529240 8517061901
3254222989 4816550377 6508444044
3175220862 4795607034 8212486709
3110988914 4786609162 8090517723
2970734336 4763814149 4970054983
2949609998 4718628285 2869865979
2879840830 4712464191 9475213781
2788249980 4706967366 5826431516
2783202951 4669196983 6951269895
2716059402 4656404062 8206351639
2700245675 4639677471 6758730286
2675587620 4420658622 9367975957
2650783600 4401417572 7450833098
2628832249 4318394502 9620516028
2572293517 4299123065 4350760309
2569629758 4273749091 3392170403
2549761881 4227364194 8493591050
2502636973 4223568870 4781891496
2445817086 4192037700 6553070390
2392512559 4137356294 8630361366
2378748945 4126403533 8802276350
2363480379 4112238129 5284059975
2324376448 4065834751 5938588872
2318135362 4021864349 8720503682
2222837793 3838619458 7157135194
2196636583 3826409202 8136421893
2178804657 3643151100 7553487714
2170931883 3625608287 6668502260
2170259206 3552124295 9247602936
2153344449 3442598356 6723681330
2145922803 3415985989 4765696891
2067530153 3413830139 5749257821
2041670121 3393521656 8018341877
2013846907 3328883773 6985797152
2004434517 3280498801 6861624360
2004031318 3198003618 1210647826
1988465880 3148013994 9464605290
1959441138 3131458445 9851298639
1912829126 3107175773 5207665230
1877504435 3077756200 3434080383
1849149841 3074194406 96439732
1743786864 3071071118 6296601995
1733858711 2994950575 9984071171
1693913875 2870030334 9565465346
1687345515 2698775908 8864403044
1674621472 2692491181 6743834185
1531196050 2692073349 9872578990
1443405502 2592565468 7005597147
1370347415 2545004600 5684249368
1310636048 2521977775 5345103647
1256706497 2486321555 955945981
1204479944 2449978202 5294638281
1203493267 2409273790 7052537447
1199781184 2364665018 4248767018
1179455484 2338389933 5276545852
1143696936 2247501497 3101225477
1125220284 2185534187 9373044352
1068780768 2175140253 2538224026
1061644579 2168173028 7543077777
1024575668 2158105891 8880843973
982176193 2112924450 8931876275
910678169 2073460973 7100004618
904596849 2058914914 8301288367
833069816 2049263729 1342882217
810293488 1982924885 8341127823
784263310 1968189896 1238944226
744287193 1932330170 4807050708
734861440 1905053514 7851689673
620350947 1904945970 9865472264
615025482 1898315173 9613769784
514745276 1870821330 5291976592
432867344 1870584788 5521751307
398996730 1847386290 9486392525
379977529 1824404679 5833350076
355848413 1801824816 7641374588
338929722 1746343704 5164391673
320136230 1731058640 6703824927
315237555 1661559125 7333877096
313760299 1525866794 6513032702
303088181 1419971073 8825249019
274362520 1403189744 8843431173
257904896 1392215736 9979633330
248671662 1241117002 6876760865
224598104 1188171401 2525294505
212346652 1039606815 7119261469
198444502 1019916242 6028383895
179409471 837371278 8825441760
163856447 727698559 7695079312
163685942 702224627 1002853369
128757200 615572779 8216239871
125584102 512752462 1874955958
99869151 485384973 6540438034
96752686 322436450 3813573792
73633597 245632460 7171311175
57516239 223575216 4000663991
55990108 152068404 9966120104
49892426 122120207 7237050061
