188
97088853 99994424 69946032
97067514 99876468 8150518
96727184 97586774 75393149
96261838 97550813 68791842
94276109 97258881 51723910
93967503 97245282 50543007
93402440 96687329 54848925
92977350 96519074 32066684
92847953 94661838 64345233
92351201 94456967 74143947
92247773 93847747 73035022
91861620 93538258 89098091
91050609 93483463 86934998
90779743 93160830 17341729
90602099 93101509 81446901
90496802 92701609 46116648
90460582 92564377 73255230
90193136 92118968 45785392
89746282 92086065 52600705
89098091 91861620 93538258
89002670 91604505 61394566
87660898 91370842 89418739
87468375 91272679 4672650
86828159 91194791 93266724
84909424 91175457 68499210
81900430 91120007 95260440
81558029 90972241 67900965
81446901 90602099 93101509
79833698 89812379 92728786
78322655 89636372 69119120
77552950 89376467 79651507
77322298 88944291 52396998
77217095 88838095 26518900
76886965 88554349 90303241
76416377 87922065 47509016
76379171 87873610 92391076
75031745 86992209 89682608
74438801 86688885 37867198
74072141 84772251 71261169
73927599 84553168 88832373
73629677 84538196 25165069
72142704 84007544 58410423
72057648 83378402 46653565
71139031 83214213 20548973
69220352 82925046 94574096
68607874 82230222 51189336
68314116 82157601 73140407
67900965 81558029 90972241
67449696 81312805 73291503
67241522 80639701 43779669
67118658 79879833 84964015
66407383 79807587 67871229
66199401 79423655 28963086
65486504 79223149 74619892
64952376 78969256 39685415
64882213 78268074 82784209
64868024 77250301 97176315
64768453 76264448 39365406
64639346 75173503 97761283
64165871 74701652 61629308
62871168 74433871 61136083
62372789 74209911 91441395
58959263 73415905 89690044
57955335 73244795 95596113
56623102 73037317 80683183
54647955 72436171 68408229
54359405 71783886 71126835
53615173 71730935 73597652
53377463 71133963 40457323
52050213 71119619 57519595
51780328 69115154 68399352
51189336 68607874 82230222
50988967 68042711 99604063
50616278 66282629 82044339
50278034 66255407 41832337
49711266 66043276 90354073
49676542 65822550 62075251
49035344 65102845 35335034
48653929 63519954 84457398
48537158 62946978 47938939
48144888 62573069 14981370
47874784 61194378 80044457
47699809 59403778 98318313
47090625 59342962 99748819
46207422 59307851 88876189
45277120 59197965 43222661
45175773 58878570 89813048
45011008 58805322 43411633
44793612 58746107 75260791
44550552 57289752 28445678
44236255 55699098 30234573
44116767 55450111 59055682
42637698 54538227 92089571
42547513 54083018 62083434
42215122 53982962 45842603
41828746 52224624 62315023
41796190 52196807 82792649
39829882 52161325 68005766
39598872 52021191 94898777
39426330 51689845 95655228
38677949 50839535 99058277
37655941 50726592 94015276
35838945 50208487 19641327
35550505 49908501 86443859
35416992 49776664 72665567
35335034 49035344 65102845
35102631 48102077 51251639
34937010 46909026 76305710
34713310 46765204 47963605
34612105 46500572 44586332
34545219 46007856 32593131
34302503 44984051 67102620
34002457 44754039 86642199
33381108 43836217 8056848
33151607 42711774 83040159
33077389 40661524 87235739
32657284 40471982 94031346
31518357 40381045 83636508
31473975 39412338 96594958
31063850 38551546 91656159
28790704 37192813 97355736
28071008 36730229 86262400
27948516 36047007 96014536
27748193 35691789 71180091
27210330 35084068 98528934
26878817 34813410 17448395
26869363 34062040 5594447
26363674 33989712 72237615
25741258 33035137 95696846
24860019 32807874 48951507
23878231 32777415 33439217
23780373 32684262 54730470
23652020 31985087 59176051
23482410 31635132 99528677
22149546 30995936 59238465
21651397 30759151 83790091
21210898 29823614 89146463
20702302 29714906 34305446
20633130 29573982 70655697
19972936 29295773 60808576
18964985 29082394 90175335
17081733 28665417 91941101
14962071 28627921 30457470
14554742 28533600 60078783
13893933 28387900 96026424
12495906 27936946 78414311
12145889 27892115 68363901
11828165 27332359 75846971
11333932 24703991 34598132
11166228 23798583 48863491
10901353 23772531 46288441
10332645 23521923 78757309
10300808 22848218 51321172
9990696 22072351 46524234
9396692 22028463 37538195
9143240 21143258 75686254
8980443 21054331 75344740
8441261 20870403 82780776
8381742 19851792 75052258
8152025 19301139 48324115
7961371 18897839 61906307
7580659 17887389 96035969
7530119 16073813 99470651
7463728 13658656 97769994
7253928 13644942 52633374
7003476 12153382 96452852
6050422 11740603 76580090
5811009 11728222 59177277
5681565 11627076 4767556
5501703 10757568 58171689
5106979 9911432 62031064
5066904 9211441 98933758
5066235 8763533 47774996
4986086 8711256 62947499
4864439 8348237 20535565
4723696 7648158 70207237
3842600 6573261 93685172
3545749 5977795 5424308
3289427 5964351 51794521
3155281 5870604 68001260
3102629 4379171 22202001
1741746 3877776 82384146
1489010 3084536 26295888
1332819 2814079 67095577
1161853 2634105 62391107
895196 2367308 27096247
653120 1932646 45485241
204356 1738099 80348879
