121
987 995 561
980 994 251
976 993 138
963 988 519
961 984 247
957 973 782
946 970 433
944 968 755
918 963 279
914 955 830
906 936 869
901 933 537
897 926 735
889 923 671
879 919 902
841 915 920
830 914 955
817 905 168
801 902 553
800 899 274
770 897 898
753 892 586
749 876 265
741 875 508
701 874 930
699 856 817
684 838 899
668 837 523
667 826 577
661 825 481
659 810 983
658 797 107
650 795 699
638 772 368
635 768 545
620 765 987
607 760 836
597 754 43
586 753 892
573 752 806
570 733 943
569 721 676
568 691 969
557 688 928
554 687 700
541 685 206
537 679 573
535 675 677
532 670 84
528 669 442
523 668 837
520 653 727
504 640 362
503 623 31
496 621 962
494 584 404
490 560 221
489 558 998
481 554 751
468 551 696
463 537 985
457 529 782
442 528 669
440 520 150
427 518 873
415 512 735
409 504 795
404 503 873
396 498 835
390 478 888
386 464 981
380 463 44
379 417 888
373 409 238
372 405 886
359 394 936
357 373 938
337 358 611
326 351 990
323 341 128
316 337 969
314 334 882
310 326 571
300 319 40
288 316 742
278 314 370
272 313 866
269 275 595
266 274 926
261 269 738
251 267 665
239 258 341
230 256 599
224 249 296
217 245 480
215 223 810
196 221 837
189 217 706
176 214 959
174 207 964
156 204 886
148 202 892
142 185 464
136 164 837
132 157 909
128 155 764
114 127 379
109 125 957
84 105 605
77 104 501
65 103 959
64 89 966
61 82 333
56 78 499
51 69 99
38 66 895
34 65 367
32 63 546
16 59 727
11 43 757
1 17 638
