94
99 100 94
95 99 92
94 98 100
93 97 98
92 96 98
91 95 97
90 94 100
89 93 76
88 92 72
87 91 89
86 90 93
85 89 88
84 88 76
83 87 98
82 86 91
81 85 85
80 84 73
79 83 100
78 82 79
77 81 98
76 80 78
75 79 95
74 78 95
73 77 79
72 76 98
71 75 96
70 74 87
69 73 95
68 72 74
67 71 93
66 70 98
65 69 91
64 68 96
62 67 93
61 66 99
60 65 68
59 64 100
58 63 94
57 62 99
56 61 93
55 60 81
54 59 99
53 58 100
52 57 95
51 56 77
50 55 89
49 54 96
48 53 96
47 52 80
46 51 93
45 50 92
44 49 81
43 48 99
42 46 99
41 45 88
40 44 93
39 43 98
38 42 95
37 41 100
36 40 93
35 39 87
33 38 100
32 37 100
31 36 91
30 35 90
29 34 95
28 33 98
27 32 81
26 31 100
25 30 97
24 29 76
23 28 86
22 27 96
21 26 92
20 25 91
19 24 98
18 23 94
17 22 98
16 21 97
15 19 82
14 18 91
13 17 93
12 16 93
11 15 98
10 14 82
9 13 79
8 11 84
7 10 94
6 9 83
5 7 95
4 6 89
3 5 90
2 4 89
1 2 96
