68
99 100 93
98 99 49
96 98 55
93 97 76
92 96 96
91 94 35
89 93 79
88 92 70
84 91 100
83 90 91
82 89 16
81 88 31
79 87 67
78 85 96
77 83 99
76 81 47
75 80 83
73 79 67
72 77 61
70 75 100
68 74 35
67 72 81
66 71 89
64 70 97
63 69 59
62 67 96
61 62 99
59 61 91
58 59 77
56 58 100
54 57 92
52 56 82
51 55 96
50 54 70
48 53 89
47 52 93
46 51 95
45 50 74
44 48 78
43 47 84
42 46 90
39 45 78
37 42 91
36 41 73
35 39 93
33 37 58
32 34 49
31 33 66
30 31 62
29 29 84
27 28 99
25 27 92
24 26 97
23 24 79
20 22 86
18 20 94
17 19 65
16 18 97
14 17 95
13 15 87
11 14 66
9 12 66
7 11 85
5 10 97
4 9 85
3 8 83
2 6 69
1 1 32
